<?xml version="1.0" encoding="UTF-8"?>
<!-- Generated by org.testng.reporters.JUnitReportReporter -->
<testsuite skipped="0" hostname="DESKTOP-R1TG5S3" name="resources.LibraryAPIExcel" tests="1" failures="0" timestamp="2020-03-14T21:52:46 IST" time="7.037" errors="0">
  <testcase name="addBook" time="7.037" classname="resources.LibraryAPIExcel"/>
</testsuite> <!-- resources.LibraryAPIExcel -->
